This is pdfTeX, Version 3.141592653-2.6-1.40.23 (MiKTeX 21.8) (preloaded format=pdflatex 2021.11.13)  14 FEB 2022 16:55
entering extended mode
**./thesis.tex
(thesis.tex
LaTeX2e <2021-06-01> patch level 1
L3 programming layer <2021-08-27>
(C:\Users\massi\AppData\Local\Programs\MiKTeX\tex/latex/base\report.cls
Document Class: report 2021/02/12 v1.4n Standard LaTeX document class
(C:\Users\massi\AppData\Local\Programs\MiKTeX\tex/latex/base\size12.clo
File: size12.clo 2021/02/12 v1.4n Standard LaTeX file (size option)
)
\c@part=\count182
\c@chapter=\count183
\c@section=\count184
\c@subsection=\count185
\c@subsubsection=\count186
\c@paragraph=\count187
\c@subparagraph=\count188
\c@figure=\count189
\c@table=\count190
\abovecaptionskip=\skip47
\belowcaptionskip=\skip48
\bibindent=\dimen138
)
(C:\Users\massi\AppData\Local\Programs\MiKTeX\tex/latex/base\inputenc.sty
Package: inputenc 2021/02/14 v1.3d Input encoding file
\inpenc@prehook=\toks16
\inpenc@posthook=\toks17
)
(C:\Users\massi\AppData\Local\Programs\MiKTeX\tex/latex/graphics\graphicx.sty
Package: graphicx 2020/12/05 v1.2c Enhanced LaTeX Graphics (DPC,SPQR)

(C:\Users\massi\AppData\Local\Programs\MiKTeX\tex/latex/graphics\keyval.sty
Package: keyval 2014/10/28 v1.15 key=value parser (DPC)
\KV@toks@=\toks18
)
(C:\Users\massi\AppData\Local\Programs\MiKTeX\tex/latex/graphics\graphics.sty
Package: graphics 2021/03/04 v1.4d Standard LaTeX Graphics (DPC,SPQR)

(C:\Users\massi\AppData\Local\Programs\MiKTeX\tex/latex/graphics\trig.sty
Package: trig 2016/01/03 v1.10 sin cos tan (DPC)
)
(C:\Users\massi\AppData\Local\Programs\MiKTeX\tex/latex/graphics-cfg\graphics.c
fg
File: graphics.cfg 2016/06/04 v1.11 sample graphics configuration
)
Package graphics Info: Driver file: pdftex.def on input line 107.

(C:\Users\massi\AppData\Local\Programs\MiKTeX\tex/latex/graphics-def\pdftex.def
File: pdftex.def 2020/10/05 v1.2a Graphics/color driver for pdftex
))
\Gin@req@height=\dimen139
\Gin@req@width=\dimen140
) (C:\Users\massi\AppData\Local\Programs\MiKTeX\tex/latex/was\gensymb.sty
Package: gensymb 2003/07/02 v1.0 (WaS)
)
(C:\Users\massi\AppData\Local\Programs\MiKTeX\tex/latex/comment\comment.sty
\CommentStream=\write3

Excluding comment 'comment')
(C:\Users\massi\AppData\Local\Programs\MiKTeX\tex/latex/amsmath\amsmath.sty
Package: amsmath 2021/04/20 v2.17j AMS math features
\@mathmargin=\skip49

For additional information on amsmath, use the `?' option.
(C:\Users\massi\AppData\Local\Programs\MiKTeX\tex/latex/amsmath\amstext.sty
Package: amstext 2000/06/29 v2.01 AMS text

(C:\Users\massi\AppData\Local\Programs\MiKTeX\tex/latex/amsmath\amsgen.sty
File: amsgen.sty 1999/11/30 v2.0 generic functions
\@emptytoks=\toks19
\ex@=\dimen141
))
(C:\Users\massi\AppData\Local\Programs\MiKTeX\tex/latex/amsmath\amsbsy.sty
Package: amsbsy 1999/11/29 v1.2d Bold Symbols
\pmbraise@=\dimen142
)
(C:\Users\massi\AppData\Local\Programs\MiKTeX\tex/latex/amsmath\amsopn.sty
Package: amsopn 2016/03/08 v2.02 operator names
)
\inf@bad=\count191
LaTeX Info: Redefining \frac on input line 234.
\uproot@=\count192
\leftroot@=\count193
LaTeX Info: Redefining \overline on input line 399.
\classnum@=\count194
\DOTSCASE@=\count195
LaTeX Info: Redefining \ldots on input line 496.
LaTeX Info: Redefining \dots on input line 499.
LaTeX Info: Redefining \cdots on input line 620.
\Mathstrutbox@=\box50
\strutbox@=\box51
\big@size=\dimen143
LaTeX Font Info:    Redeclaring font encoding OML on input line 743.
LaTeX Font Info:    Redeclaring font encoding OMS on input line 744.
\macc@depth=\count196
\c@MaxMatrixCols=\count197
\dotsspace@=\muskip16
\c@parentequation=\count198
\dspbrk@lvl=\count199
\tag@help=\toks20
\row@=\count266
\column@=\count267
\maxfields@=\count268
\andhelp@=\toks21
\eqnshift@=\dimen144
\alignsep@=\dimen145
\tagshift@=\dimen146
\tagwidth@=\dimen147
\totwidth@=\dimen148
\lineht@=\dimen149
\@envbody=\toks22
\multlinegap=\skip50
\multlinetaggap=\skip51
\mathdisplay@stack=\toks23
LaTeX Info: Redefining \[ on input line 2923.
LaTeX Info: Redefining \] on input line 2924.
)
(C:\Users\massi\AppData\Local\Programs\MiKTeX\tex/latex/caption\caption.sty
Package: caption 2020/10/26 v3.5g Customizing captions (AR)

(C:\Users\massi\AppData\Local\Programs\MiKTeX\tex/latex/caption\caption3.sty
Package: caption3 2020/10/21 v2.2e caption3 kernel (AR)
\captionmargin=\dimen150
\captionmargin@=\dimen151
\captionwidth=\dimen152
\caption@tempdima=\dimen153
\caption@indent=\dimen154
\caption@parindent=\dimen155
\caption@hangindent=\dimen156
Package caption Info: Standard document class detected.
)
\c@caption@flags=\count269
\c@continuedfloat=\count270
)
(C:\Users\massi\AppData\Local\Programs\MiKTeX\tex/latex/caption\subcaption.sty
Package: subcaption 2020/10/07 v1.3j Sub-captions (AR)
\c@subfigure=\count271
\c@subtable=\count272
) (C:\Users\massi\AppData\Local\Programs\MiKTeX\tex/latex/pdfpages\pdfpages.sty
Package: pdfpages 2021/03/06 v0.5t Insert pages of external PDF documents (AM)

(C:\Users\massi\AppData\Local\Programs\MiKTeX\tex/latex/base\ifthen.sty
Package: ifthen 2020/11/24 v1.1c Standard LaTeX ifthen package (DPC)
)
(C:\Users\massi\AppData\Local\Programs\MiKTeX\tex/latex/tools\calc.sty
Package: calc 2017/05/25 v4.3 Infix arithmetic (KKT,FJ)
\calc@Acount=\count273
\calc@Bcount=\count274
\calc@Adimen=\dimen157
\calc@Bdimen=\dimen158
\calc@Askip=\skip52
\calc@Bskip=\skip53
LaTeX Info: Redefining \setlength on input line 80.
LaTeX Info: Redefining \addtolength on input line 81.
\calc@Ccount=\count275
\calc@Cskip=\skip54
)
(C:\Users\massi\AppData\Local\Programs\MiKTeX\tex/latex/eso-pic\eso-pic.sty
Package: eso-pic 2020/10/14 v3.0a eso-pic (RN)
\ESO@tempdima=\dimen159
\ESO@tempdimb=\dimen160

(C:\Users\massi\AppData\Local\Programs\MiKTeX\tex/latex/xcolor\xcolor.sty
Package: xcolor 2016/05/11 v2.12 LaTeX color extensions (UK)

(C:\Users\massi\AppData\Local\Programs\MiKTeX\tex/latex/graphics-cfg\color.cfg
File: color.cfg 2016/01/02 v1.6 sample color configuration
)
Package xcolor Info: Driver file: pdftex.def on input line 225.
Package xcolor Info: Model `cmy' substituted by `cmy0' on input line 1348.
Package xcolor Info: Model `hsb' substituted by `rgb' on input line 1352.
Package xcolor Info: Model `RGB' extended on input line 1364.
Package xcolor Info: Model `HTML' substituted by `rgb' on input line 1366.
Package xcolor Info: Model `Hsb' substituted by `hsb' on input line 1367.
Package xcolor Info: Model `tHsb' substituted by `hsb' on input line 1368.
Package xcolor Info: Model `HSB' substituted by `hsb' on input line 1369.
Package xcolor Info: Model `Gray' substituted by `gray' on input line 1370.
Package xcolor Info: Model `wave' substituted by `hsb' on input line 1371.
))
\AM@pagewidth=\dimen161
\AM@pageheight=\dimen162
\AM@fboxrule=\dimen163

(C:\Users\massi\AppData\Local\Programs\MiKTeX\tex/latex/pdfpages\pppdftex.def
File: pppdftex.def 2021/03/06 v0.5t Pdfpages driver for pdfTeX (AM)
)
\pdfpages@includegraphics@status=\count276
\AM@pagebox=\box52
\AM@global@opts=\toks24
\AM@pagecnt=\count277
\AM@toc@title=\toks25
\c@AM@survey=\count278
\AM@templatesizebox=\box53
) (C:\Users\massi\AppData\Local\Programs\MiKTeX\tex/latex/appendix\appendix.sty
Package: appendix 2020/02/08 v1.2c extra appendix facilities
\c@@pps=\count279
\c@@ppsavesec=\count280
\c@@ppsaveapp=\count281
) (afterpage.sty
Package: afterpage 1995/10/27 v1.08 After-Page Package (DPC)
\AP@output=\toks26
\AP@partial=\box54
\AP@footins=\box55
)
(C:\Users\massi\AppData\Local\Programs\MiKTeX\tex/latex/multirow\multirow.sty
Package: multirow 2021/03/15 v2.8 Span multiple rows of a table
\multirow@colwidth=\skip55
\multirow@cntb=\count282
\multirow@dima=\skip56
\bigstrutjot=\dimen164
)
(C:\Users\massi\AppData\Local\Programs\MiKTeX\tex/latex/hyperref\hyperref.sty
Package: hyperref 2021-06-07 v7.00m Hypertext links for LaTeX

(C:\Users\massi\AppData\Local\Programs\MiKTeX\tex/generic/ltxcmds\ltxcmds.sty
Package: ltxcmds 2020-05-10 v1.25 LaTeX kernel commands for general use (HO)
)
(C:\Users\massi\AppData\Local\Programs\MiKTeX\tex/generic/iftex\iftex.sty
Package: iftex 2020/03/06 v1.0d TeX engine tests
)
(C:\Users\massi\AppData\Local\Programs\MiKTeX\tex/generic/pdftexcmds\pdftexcmds
.sty
Package: pdftexcmds 2020-06-27 v0.33 Utility functions of pdfTeX for LuaTeX (HO
)

(C:\Users\massi\AppData\Local\Programs\MiKTeX\tex/generic/infwarerr\infwarerr.s
ty
Package: infwarerr 2019/12/03 v1.5 Providing info/warning/error messages (HO)
)
Package pdftexcmds Info: \pdf@primitive is available.
Package pdftexcmds Info: \pdf@ifprimitive is available.
Package pdftexcmds Info: \pdfdraftmode found.
)
(C:\Users\massi\AppData\Local\Programs\MiKTeX\tex/generic/kvsetkeys\kvsetkeys.s
ty
Package: kvsetkeys 2019/12/15 v1.18 Key value parser (HO)
)
(C:\Users\massi\AppData\Local\Programs\MiKTeX\tex/generic/kvdefinekeys\kvdefine
keys.sty
Package: kvdefinekeys 2019-12-19 v1.6 Define keys (HO)
)
(C:\Users\massi\AppData\Local\Programs\MiKTeX\tex/generic/pdfescape\pdfescape.s
ty
Package: pdfescape 2019/12/09 v1.15 Implements pdfTeX's escape features (HO)
) (C:\Users\massi\AppData\Local\Programs\MiKTeX\tex/latex/hycolor\hycolor.sty
Package: hycolor 2020-01-27 v1.10 Color options for hyperref/bookmark (HO)
)
(C:\Users\massi\AppData\Local\Programs\MiKTeX\tex/latex/letltxmacro\letltxmacro
.sty
Package: letltxmacro 2019/12/03 v1.6 Let assignment for LaTeX macros (HO)
)
(C:\Users\massi\AppData\Local\Programs\MiKTeX\tex/latex/auxhook\auxhook.sty
Package: auxhook 2019-12-17 v1.6 Hooks for auxiliary files (HO)
)
(C:\Users\massi\AppData\Local\Programs\MiKTeX\tex/latex/kvoptions\kvoptions.sty
Package: kvoptions 2020-10-07 v3.14 Key value format for package options (HO)
)
\@linkdim=\dimen165
\Hy@linkcounter=\count283
\Hy@pagecounter=\count284
 (C:\Users\massi\AppData\Local\Programs\MiKTeX\tex/latex/hyperref\pd1enc.def
File: pd1enc.def 2021-06-07 v7.00m Hyperref: PDFDocEncoding definition (HO)
Now handling font encoding PD1 ...
... no UTF-8 mapping file for font encoding PD1
)
(C:\Users\massi\AppData\Local\Programs\MiKTeX\tex/latex/hyperref\hyperref-langp
atches.def
File: hyperref-langpatches.def 2021-06-07 v7.00m Hyperref: patches for babel la
nguages
)
(C:\Users\massi\AppData\Local\Programs\MiKTeX\tex/generic/intcalc\intcalc.sty
Package: intcalc 2019/12/15 v1.3 Expandable calculations with integers (HO)
)
(C:\Users\massi\AppData\Local\Programs\MiKTeX\tex/generic/etexcmds\etexcmds.sty
Package: etexcmds 2019/12/15 v1.7 Avoid name clashes with e-TeX commands (HO)
)
\Hy@SavedSpaceFactor=\count285
 (C:\Users\massi\AppData\Local\Programs\MiKTeX\tex/latex/hyperref\puenc.def
File: puenc.def 2021-06-07 v7.00m Hyperref: PDF Unicode definition (HO)
Now handling font encoding PU ...
... no UTF-8 mapping file for font encoding PU
)
Package hyperref Info: Hyper figures OFF on input line 4192.
Package hyperref Info: Link nesting OFF on input line 4197.
Package hyperref Info: Hyper index ON on input line 4200.
Package hyperref Info: Plain pages OFF on input line 4207.
Package hyperref Info: Backreferencing OFF on input line 4212.
Package hyperref Info: Implicit mode ON; LaTeX internals redefined.
Package hyperref Info: Bookmarks ON on input line 4445.
\c@Hy@tempcnt=\count286

(C:\Users\massi\AppData\Local\Programs\MiKTeX\tex/latex/url\url.sty
\Urlmuskip=\muskip17
Package: url 2013/09/16  ver 3.4  Verb mode for urls, etc.
)
LaTeX Info: Redefining \url on input line 4804.
\XeTeXLinkMargin=\dimen166

(C:\Users\massi\AppData\Local\Programs\MiKTeX\tex/generic/bitset\bitset.sty
Package: bitset 2019/12/09 v1.3 Handle bit-vector datatype (HO)

(C:\Users\massi\AppData\Local\Programs\MiKTeX\tex/generic/bigintcalc\bigintcalc
.sty
Package: bigintcalc 2019/12/15 v1.5 Expandable calculations on big integers (HO
)
))
\Fld@menulength=\count287
\Field@Width=\dimen167
\Fld@charsize=\dimen168
Package hyperref Info: Hyper figures OFF on input line 6076.
Package hyperref Info: Link nesting OFF on input line 6081.
Package hyperref Info: Hyper index ON on input line 6084.
Package hyperref Info: backreferencing OFF on input line 6091.
Package hyperref Info: Link coloring OFF on input line 6096.
Package hyperref Info: Link coloring with OCG OFF on input line 6101.
Package hyperref Info: PDF/A mode OFF on input line 6106.
LaTeX Info: Redefining \ref on input line 6146.
LaTeX Info: Redefining \pageref on input line 6150.

(C:\Users\massi\AppData\Local\Programs\MiKTeX\tex/latex/base\atbegshi-ltx.sty
Package: atbegshi-ltx 2021/01/10 v1.0c Emulation of the original atbegshi
package with kernel methods
)
\Hy@abspage=\count288
\c@Item=\count289
\c@Hfootnote=\count290
)
Package hyperref Info: Driver (autodetected): hpdftex.
(C:\Users\massi\AppData\Local\Programs\MiKTeX\tex/latex/hyperref\hpdftex.def
File: hpdftex.def 2021-06-07 v7.00m Hyperref driver for pdfTeX

(C:\Users\massi\AppData\Local\Programs\MiKTeX\tex/latex/base\atveryend-ltx.sty
Package: atveryend-ltx 2020/08/19 v1.0a Emulation of the original atvery packag
e
with kernel methods
)
\Fld@listcount=\count291
\c@bookmark@seq@number=\count292

(C:\Users\massi\AppData\Local\Programs\MiKTeX\tex/latex/rerunfilecheck\rerunfil
echeck.sty
Package: rerunfilecheck 2019/12/05 v1.9 Rerun checks for auxiliary files (HO)

(C:\Users\massi\AppData\Local\Programs\MiKTeX\tex/generic/uniquecounter\uniquec
ounter.sty
Package: uniquecounter 2019/12/15 v1.4 Provide unlimited unique counter (HO)
)
Package uniquecounter Info: New unique counter `rerunfilecheck' on input line 2
86.
)
\Hy@SectionHShift=\skip57
)
(C:\Users\massi\AppData\Local\Programs\MiKTeX\tex/latex/l3backend\l3backend-pdf
tex.def
File: l3backend-pdftex.def 2021-08-04 L3 backend support: PDF output (pdfTeX)
\l__color_backend_stack_int=\count293
\l__pdf_internal_box=\box56
) (thesis.aux)
\openout1 = `thesis.aux'.

LaTeX Font Info:    Checking defaults for OML/cmm/m/it on input line 38.
LaTeX Font Info:    ... okay on input line 38.
LaTeX Font Info:    Checking defaults for OMS/cmsy/m/n on input line 38.
LaTeX Font Info:    ... okay on input line 38.
LaTeX Font Info:    Checking defaults for OT1/cmr/m/n on input line 38.
LaTeX Font Info:    ... okay on input line 38.
LaTeX Font Info:    Checking defaults for T1/cmr/m/n on input line 38.
LaTeX Font Info:    ... okay on input line 38.
LaTeX Font Info:    Checking defaults for TS1/cmr/m/n on input line 38.
LaTeX Font Info:    ... okay on input line 38.
LaTeX Font Info:    Checking defaults for OMX/cmex/m/n on input line 38.
LaTeX Font Info:    ... okay on input line 38.
LaTeX Font Info:    Checking defaults for U/cmr/m/n on input line 38.
LaTeX Font Info:    ... okay on input line 38.
LaTeX Font Info:    Checking defaults for PD1/pdf/m/n on input line 38.
LaTeX Font Info:    ... okay on input line 38.
LaTeX Font Info:    Checking defaults for PU/pdf/m/n on input line 38.
LaTeX Font Info:    ... okay on input line 38.

(C:\Users\massi\AppData\Local\Programs\MiKTeX\tex/context/base/mkii\supp-pdf.mk
ii
[Loading MPS to PDF converter (version 2006.09.02).]
\scratchcounter=\count294
\scratchdimen=\dimen169
\scratchbox=\box57
\nofMPsegments=\count295
\nofMParguments=\count296
\everyMPshowfont=\toks27
\MPscratchCnt=\count297
\MPscratchDim=\dimen170
\MPnumerator=\count298
\makeMPintoPDFobject=\count299
\everyMPtoPDFconversion=\toks28
)
(C:\Users\massi\AppData\Local\Programs\MiKTeX\tex/latex/epstopdf-pkg\epstopdf-b
ase.sty
Package: epstopdf-base 2020-01-24 v2.11 Base part for package epstopdf
Package epstopdf-base Info: Redefining graphics rule for `.eps' on input line 4
85.

(C:\Users\massi\AppData\Local\Programs\MiKTeX\tex/latex/00miktex\epstopdf-sys.c
fg
File: epstopdf-sys.cfg 2021/03/18 v2.0 Configuration of epstopdf for MiKTeX
))
LaTeX Info: Redefining \celsius on input line 38.
Package gensymb Info: Faking symbols for \degree and \celsius on input line 38.



Package gensymb Warning: Not defining \perthousand.

LaTeX Info: Redefining \ohm on input line 38.
Package gensymb Info: Using \Omega for \ohm on input line 38.

Package gensymb Warning: Not defining \micro.

Package caption Info: Begin \AtBeginDocument code.
Package caption Info: hyperref package is loaded.
Package caption Info: End \AtBeginDocument code.

(C:\Users\massi\AppData\Local\Programs\MiKTeX\tex/latex/pdflscape\pdflscape.sty
Package: pdflscape 2019/12/05 v0.12 Display of landscape pages in PDF (HO)
(C:\Users\massi\AppData\Local\Programs\MiKTeX\tex/latex/graphics\lscape.sty
Package: lscape 2020/05/28 v3.02 Landscape Pages (DPC)
)
Package pdflscape Info: Auto-detected driver: pdftex on input line 81.
)
Package hyperref Info: Link coloring OFF on input line 38.

(C:\Users\massi\AppData\Local\Programs\MiKTeX\tex/latex/hyperref\nameref.sty
Package: nameref 2021-04-02 v2.47 Cross-referencing by name of section

(C:\Users\massi\AppData\Local\Programs\MiKTeX\tex/latex/refcount\refcount.sty
Package: refcount 2019/12/15 v3.6 Data extraction from label references (HO)
)
(C:\Users\massi\AppData\Local\Programs\MiKTeX\tex/generic/gettitlestring\gettit
lestring.sty
Package: gettitlestring 2019/12/15 v1.6 Cleanup title references (HO)
)
\c@section@level=\count300
)
LaTeX Info: Redefining \ref on input line 38.
LaTeX Info: Redefining \pageref on input line 38.
LaTeX Info: Redefining \nameref on input line 38.
 (thesis.out) (thesis.out)
\@outlinefile=\write4
\openout4 = `thesis.out'.



pdfTeX warning: pdflatex (file ./Figures/frontespizio_firmato.pdf): PDF inclusi
on: found PDF version <1.6>, but at most version <1.5> allowed
<Figures/frontespizio_firmato.pdf, id=71, 597.50829pt x 845.0471pt>
File: Figures/frontespizio_firmato.pdf Graphic file (type pdf)
<use Figures/frontespizio_firmato.pdf>
Package pdftex.def Info: Figures/frontespizio_firmato.pdf  used on input line 4
3.
(pdftex.def)             Requested size: 597.50682pt x 845.04504pt.


pdfTeX warning: pdflatex (file ./Figures/frontespizio_firmato.pdf): PDF inclusi
on: found PDF version <1.6>, but at most version <1.5> allowed
File: Figures/frontespizio_firmato.pdf Graphic file (type pdf)
<use Figures/frontespizio_firmato.pdf>
Package pdftex.def Info: Figures/frontespizio_firmato.pdf  used on input line 4
3.
(pdftex.def)             Requested size: 597.50682pt x 845.04504pt.


pdfTeX warning: pdflatex (file ./Figures/frontespizio_firmato.pdf): PDF inclusi
on: found PDF version <1.6>, but at most version <1.5> allowed


pdfTeX warning: pdflatex (file ./Figures/frontespizio_firmato.pdf): PDF inclusi
on: found PDF version <1.6>, but at most version <1.5> allowed
<Figures/frontespizio_firmato.pdf, id=74, page=1, 597.50829pt x 845.0471pt>
File: Figures/frontespizio_firmato.pdf Graphic file (type pdf)
<use Figures/frontespizio_firmato.pdf, page 1>
Package pdftex.def Info: Figures/frontespizio_firmato.pdf , page1 used on input
 line 43.
(pdftex.def)             Requested size: 597.50682pt x 845.04504pt.
File: Figures/frontespizio_firmato.pdf Graphic file (type pdf)
<use Figures/frontespizio_firmato.pdf, page 1>
Package pdftex.def Info: Figures/frontespizio_firmato.pdf , page1 used on input
 line 43.
(pdftex.def)             Requested size: 562.12285pt x 795.00201pt.
File: Figures/frontespizio_firmato.pdf Graphic file (type pdf)
<use Figures/frontespizio_firmato.pdf, page 1>
Package pdftex.def Info: Figures/frontespizio_firmato.pdf , page1 used on input
 line 43.
(pdftex.def)             Requested size: 562.12285pt x 795.00201pt.
File: Figures/frontespizio_firmato.pdf Graphic file (type pdf)
<use Figures/frontespizio_firmato.pdf, page 1>
Package pdftex.def Info: Figures/frontespizio_firmato.pdf , page1 used on input
 line 43.
(pdftex.def)             Requested size: 562.12285pt x 795.00201pt.
File: Figures/frontespizio_firmato.pdf Graphic file (type pdf)
<use Figures/frontespizio_firmato.pdf, page 1>
Package pdftex.def Info: Figures/frontespizio_firmato.pdf , page1 used on input
 line 48.
(pdftex.def)             Requested size: 562.12285pt x 795.00201pt.
[1 <./Figures/frontespizio_firmato.pdf{C:/Users/massi/AppData/Local/MiKTeX/pdft
ex/config/pdftex.map}>] [2


] [3] [4

] (thesis.toc)
\tf@toc=\write5
\openout5 = `thesis.toc'.

 [5] (thesis.lof)
\tf@lof=\write6
\openout6 = `thesis.lof'.

 [6

]
(thesis.lot)
\tf@lot=\write7
\openout7 = `thesis.lot'.

 [7

] [8

]
Overfull \hbox (3.67241pt too wide) in paragraph at lines 76--86
\OT1/cmr/m/n/12 The ap-pli-ca-tion of ma-chine learn-ing (ML) on small de-vices
, in a word TinyML,
 []

[1] [2] [3] [4]
Chapter 1.
[5

]

LaTeX Warning: Citation `lesort2020continual' on page 6 undefined on input line
 131.


LaTeX Warning: Citation `maltoni2019continuous' on page 6 undefined on input li
ne 131.

[6] [7]
Chapter 2.

LaTeX Warning: Citation `shield_web_page' on page 8 undefined on input line 150
.

<Figures/Chapter2/hardware.jpg, id=233, 1696.83937pt x 718.18312pt>
File: Figures/Chapter2/hardware.jpg Graphic file (type jpg)
<use Figures/Chapter2/hardware.jpg>
Package pdftex.def Info: Figures/Chapter2/hardware.jpg  used on input line 154.

(pdftex.def)             Requested size: 272.99881pt x 115.54724pt.

LaTeX Warning: Citation `openmv_web_page' on page 8 undefined on input line 159
.

File: Figures/Chapter2/hardware.jpg Graphic file (type jpg)
<use Figures/Chapter2/hardware.jpg>
Package pdftex.def Info: Figures/Chapter2/hardware.jpg  used on input line 163.

(pdftex.def)             Requested size: 272.99881pt x 115.54724pt.
[8

 <./Figures/Chapter2/hardware.jpg>] [9]
Chapter 3.
[10

] [11]
Underfull \hbox (badness 10000) in paragraph at lines 213--214

 []


LaTeX Warning: Citation `li2017learning' on page 12 undefined on input line 217
.


LaTeX Warning: Citation `lomonaco2017core50' on page 12 undefined on input line
 217.


LaTeX Warning: Citation `maltoni2019continuous' on page 12 undefined on input l
ine 217.


LaTeX Warning: Citation `maltoni2019continuous' on page 12 undefined on input l
ine 217.

[12]

LaTeX Warning: Citation `ren2021tinyol' on page 13 undefined on input line 222.



LaTeX Warning: Citation `batch_size_medium' on page 13 undefined on input line 
230.

[13]
<Figures/Chapter3/OL.png, id=268, 963.6pt x 542.025pt>
File: Figures/Chapter3/OL.png Graphic file (type png)
<use Figures/Chapter3/OL.png>
Package pdftex.def Info: Figures/Chapter3/OL.png  used on input line 242.
(pdftex.def)             Requested size: 272.99881pt x 153.56068pt.
 [14] [15 <./Figures/Chapter3/OL.png (PNG copy)>]
<Figures/Chapter3/OLV2.png, id=278, 963.6pt x 542.025pt>
File: Figures/Chapter3/OLV2.png Graphic file (type png)
<use Figures/Chapter3/OLV2.png>
Package pdftex.def Info: Figures/Chapter3/OLV2.png  used on input line 266.
(pdftex.def)             Requested size: 272.99881pt x 153.56068pt.


LaTeX Warning: `!h' float specifier changed to `!ht'.


LaTeX Warning: Citation `li2017learning' on page 16 undefined on input line 273
.


LaTeX Warning: Citation `maltoni2019continuous' on page 16 undefined on input l
ine 273.

[16]

LaTeX Warning: Citation `maltoni2019continuous' on page 17 undefined on input l
ine 282.

[17 <./Figures/Chapter3/OLV2.png (PNG copy)>]

LaTeX Warning: Citation `maltoni2019continuous' on page 18 undefined on input l
ine 284.

[18]
<Figures/Chapter3/LWF.png, id=293, 963.6pt x 542.025pt>
File: Figures/Chapter3/LWF.png Graphic file (type png)
<use Figures/Chapter3/LWF.png>
Package pdftex.def Info: Figures/Chapter3/LWF.png  used on input line 308.
(pdftex.def)             Requested size: 272.99881pt x 153.56068pt.
 [19 <./Figures/Chapter3/LWF.png (PNG copy)>]
<Figures/Chapter3/CWR.png, id=301, 963.6pt x 542.025pt>
File: Figures/Chapter3/CWR.png Graphic file (type png)
<use Figures/Chapter3/CWR.png>
Package pdftex.def Info: Figures/Chapter3/CWR.png  used on input line 325.
(pdftex.def)             Requested size: 272.99881pt x 153.56068pt.


LaTeX Warning: `!h' float specifier changed to `!ht'.

[20] [21 <./Figures/Chapter3/CWR.png (PNG copy)>]
Chapter 4.

LaTeX Warning: Reference `' on page 22 undefined on input line 356.


LaTeX Warning: Reference `introduction' on page 22 undefined on input line 359.


<Figures/Chapter4/letters_motion.jpg, id=312, 308.352pt x 154.4169pt>
File: Figures/Chapter4/letters_motion.jpg Graphic file (type jpg)
<use Figures/Chapter4/letters_motion.jpg>
Package pdftex.def Info: Figures/Chapter4/letters_motion.jpg  used on input lin
e 363.
(pdftex.def)             Requested size: 284.52756pt x 142.48936pt.

LaTeX Warning: Reference `' on page 22 undefined on input line 368.

[22

] [23] [24 <./Figures/Chapter4/letters_motion.jpg>]

LaTeX Warning: Reference `]' on page 25 undefined on input line 376.

[25] [26] [27] [28] [29] [30] [31]
Chapter 5.
<Figures/Chapter5/bias_example.png, id=359, 414.8298pt x 279.32355pt>
File: Figures/Chapter5/bias_example.png Graphic file (type png)
<use Figures/Chapter5/bias_example.png>
Package pdftex.def Info: Figures/Chapter5/bias_example.png  used on input line 
471.
(pdftex.def)             Requested size: 284.52756pt x 191.59119pt.
<Figures/Chapter5/weight_example.png, id=361, 395.67825pt x 279.32355pt>
File: Figures/Chapter5/weight_example.png Graphic file (type png)
<use Figures/Chapter5/weight_example.png>
Package pdftex.def Info: Figures/Chapter5/weight_example.png  used on input lin
e 479.
(pdftex.def)             Requested size: 284.52756pt x 200.86559pt.
<Figures/Chapter5/frozen_example.png, id=362, 421.3341pt x 279.32355pt>
File: Figures/Chapter5/frozen_example.png Graphic file (type png)
<use Figures/Chapter5/frozen_example.png>
Package pdftex.def Info: Figures/Chapter5/frozen_example.png  used on input lin
e 487.
(pdftex.def)             Requested size: 284.52756pt x 188.63327pt.
<Figures/Chapter5/softmax_example.png, id=363, 395.67825pt x 279.32355pt>
File: Figures/Chapter5/softmax_example.png Graphic file (type png)
<use Figures/Chapter5/softmax_example.png>
Package pdftex.def Info: Figures/Chapter5/softmax_example.png  used on input li
ne 495.
(pdftex.def)             Requested size: 284.52756pt x 200.86559pt.
<Figures/Chapter5/comparison_difference.png, id=365, 395.67825pt x 279.32355pt>

File: Figures/Chapter5/comparison_difference.png Graphic file (type png)
<use Figures/Chapter5/comparison_difference.png>
Package pdftex.def Info: Figures/Chapter5/comparison_difference.png  used on in
put line 505.
(pdftex.def)             Requested size: 284.52756pt x 200.86559pt.

LaTeX Warning: `!h' float specifier changed to `!ht'.


LaTeX Warning: `!h' float specifier changed to `!ht'.


LaTeX Warning: `!h' float specifier changed to `!ht'.


LaTeX Warning: `!h' float specifier changed to `!ht'.

[32

] [33 <./Figures/Chapter5/bias_example.png> <./Figures/Chapter5/weight_example.
png>] [34 <./Figures/Chapter5/frozen_example.png> <./Figures/Chapter5/softmax_e
xample.png>]
<Figures/Chapter5/STM_barPlot_OL.jpg, id=389, 794.97pt x 505.89pt>
File: Figures/Chapter5/STM_barPlot_OL.jpg Graphic file (type jpg)
<use Figures/Chapter5/STM_barPlot_OL.jpg>
Package pdftex.def Info: Figures/Chapter5/STM_barPlot_OL.jpg  used on input lin
e 517.
(pdftex.def)             Requested size: 284.52756pt x 181.06271pt.
<Figures/Chapter5/STM_barPlot_OL_batch.jpg, id=390, 794.97pt x 505.89pt>
File: Figures/Chapter5/STM_barPlot_OL_batch.jpg Graphic file (type jpg)
<use Figures/Chapter5/STM_barPlot_OL_batch.jpg>
Package pdftex.def Info: Figures/Chapter5/STM_barPlot_OL_batch.jpg  used on inp
ut line 525.
(pdftex.def)             Requested size: 284.52756pt x 181.06271pt.
<Figures/Chapter5/STM_barPlot_OL_V2.jpg, id=391, 794.97pt x 505.89pt>
File: Figures/Chapter5/STM_barPlot_OL_V2.jpg Graphic file (type jpg)
<use Figures/Chapter5/STM_barPlot_OL_V2.jpg>
Package pdftex.def Info: Figures/Chapter5/STM_barPlot_OL_V2.jpg  used on input 
line 533.
(pdftex.def)             Requested size: 284.52756pt x 181.06271pt.
<Figures/Chapter5/STM_barPlot_OL_V2_batch.jpg, id=392, 794.97pt x 505.89pt>
File: Figures/Chapter5/STM_barPlot_OL_V2_batch.jpg Graphic file (type jpg)
<use Figures/Chapter5/STM_barPlot_OL_V2_batch.jpg>
Package pdftex.def Info: Figures/Chapter5/STM_barPlot_OL_V2_batch.jpg  used on 
input line 541.
(pdftex.def)             Requested size: 284.52756pt x 181.06271pt.
<Figures/Chapter5/STM_barPlot_LWF.jpg, id=393, 794.97pt x 505.89pt>
File: Figures/Chapter5/STM_barPlot_LWF.jpg Graphic file (type jpg)
<use Figures/Chapter5/STM_barPlot_LWF.jpg>
Package pdftex.def Info: Figures/Chapter5/STM_barPlot_LWF.jpg  used on input li
ne 549.
(pdftex.def)             Requested size: 284.52756pt x 181.06271pt.
<Figures/Chapter5/STM_barPlot_LWF_batch.jpg, id=394, 794.97pt x 505.89pt>
File: Figures/Chapter5/STM_barPlot_LWF_batch.jpg Graphic file (type jpg)
<use Figures/Chapter5/STM_barPlot_LWF_batch.jpg>
Package pdftex.def Info: Figures/Chapter5/STM_barPlot_LWF_batch.jpg  used on in
put line 557.
(pdftex.def)             Requested size: 284.52756pt x 181.06271pt.
<Figures/Chapter5/STM_barPlot_CWR.jpg, id=395, 794.97pt x 505.89pt>
File: Figures/Chapter5/STM_barPlot_CWR.jpg Graphic file (type jpg)
<use Figures/Chapter5/STM_barPlot_CWR.jpg>
Package pdftex.def Info: Figures/Chapter5/STM_barPlot_CWR.jpg  used on input li
ne 565.
(pdftex.def)             Requested size: 284.52756pt x 181.06271pt.


LaTeX Warning: No positions in optional float specifier.
               Default added (so using `tbp') on input line 573.


Overfull \hbox (106.72232pt too wide) in paragraph at lines 575--586
 [] 
 []


LaTeX Warning: No positions in optional float specifier.
               Default added (so using `tbp') on input line 589.


Overfull \hbox (96.53555pt too wide) in paragraph at lines 590--600
[][] 
 []


Underfull \hbox (badness 10000) in paragraph at lines 513--602

 []

[35 <./Figures/Chapter5/comparison_difference.png>]

LaTeX Warning: `!h' float specifier changed to `!ht'.


LaTeX Warning: `!h' float specifier changed to `!ht'.


LaTeX Warning: `!h' float specifier changed to `!ht'.


LaTeX Warning: `!h' float specifier changed to `!ht'.


LaTeX Warning: `!h' float specifier changed to `!ht'.

[36 <./Figures/Chapter5/STM_barPlot_OL.jpg> <./Figures/Chapter5/STM_barPlot_OL_
batch.jpg>] [37 <./Figures/Chapter5/STM_barPlot_OL_V2.jpg> <./Figures/Chapter5/
STM_barPlot_OL_V2_batch.jpg>] [38] [39 <./Figures/Chapter5/STM_barPlot_LWF.jpg>
 <./Figures/Chapter5/STM_barPlot_LWF_batch.jpg>] [40 <./Figures/Chapter5/STM_ba
rPlot_CWR.jpg>]
Chapter 6.
No file thesis.bbl.
[41

] (thesis.aux)

LaTeX Warning: There were undefined references.

Package rerunfilecheck Info: File `thesis.out' has not changed.
(rerunfilecheck)             Checksum: 9B21292C19AA658C223DC5BB833C16BB;2870.
 ) 
Here is how much of TeX's memory you used:
 11576 strings out of 478927
 181373 string characters out of 2852534
 500742 words of memory out of 3000000
 29144 multiletter control sequences out of 15000+600000
 409270 words of font info for 47 fonts, out of 8000000 for 9000
 1141 hyphenation exceptions out of 8191
 62i,17n,75p,1724b,409s stack positions out of 5000i,500n,10000p,200000b,80000s
{C:/Users/massi/AppData/Local/Programs/MiKTeX/fonts/enc/dvips/cm-super/cm-sup
er-ts1.enc}<C:/Users/massi/AppData/Local/Programs/MiKTeX/fonts/type1/public/ams
fonts/cm/cmbx12.pfb><C:/Users/massi/AppData/Local/Programs/MiKTeX/fonts/type1/p
ublic/amsfonts/cm/cmex10.pfb><C:/Users/massi/AppData/Local/Programs/MiKTeX/font
s/type1/public/amsfonts/cm/cmmi12.pfb><C:/Users/massi/AppData/Local/Programs/Mi
KTeX/fonts/type1/public/amsfonts/cm/cmmi8.pfb><C:/Users/massi/AppData/Local/Pro
grams/MiKTeX/fonts/type1/public/amsfonts/cm/cmr12.pfb><C:/Users/massi/AppData/L
ocal/Programs/MiKTeX/fonts/type1/public/amsfonts/cm/cmr8.pfb><C:/Users/massi/Ap
pData/Local/Programs/MiKTeX/fonts/type1/public/amsfonts/cm/cmsy10.pfb><C:/Users
/massi/AppData/Local/Programs/MiKTeX/fonts/type1/public/amsfonts/cm/cmti12.pfb>
<C:/Users/massi/AppData/Local/Programs/MiKTeX/fonts/type1/public/amsfonts/cm/cm
tt12.pfb><C:/Users/massi/AppData/Local/Programs/MiKTeX/fonts/type1/public/cm-su
per/sfrm1200.pfb>
Output written on thesis.pdf (49 pages, 1817048 bytes).
PDF statistics:
 492 PDF objects out of 1000 (max. 8388607)
 103 named destinations out of 1000 (max. 500000)
 247 words of extra memory for PDF output out of 10000 (max. 10000000)

